<?xml version="1.0" encoding="UTF-8"?>
<!-- Generated by org.testng.reporters.JUnitReportReporter -->
<testsuite hostname="LAPTOP-KMLSJNFK" failures="0" tests="1" name="com.osa.test.HomePage" time="18.715" errors="0" timestamp="2021-05-02T12:23:09 EDT" skipped="0">
  <testcase classname="com.osa.test.HomePage" name="verifyForumLogin" time="18.715"/>
  <system-out/>
</testsuite> <!-- com.osa.test.HomePage -->
